<?xml version="1.0" encoding="UTF-8"?>
<testsuite name="io.specto.FlightsApplicationTests" tests="1" skipped="0" failures="0" errors="0" timestamp="2017-09-15T13:12:19" hostname="Andrews-MacBook-Pro-2.local" time="0.027">
  <properties/>
  <testcase name="contextLoads" classname="io.specto.FlightsApplicationTests" time="0.027"/>
  <system-out><![CDATA[15:12:17.653 [Test worker] DEBUG org.springframework.test.context.junit4.SpringJUnit4ClassRunner - SpringJUnit4ClassRunner constructor called with [class io.specto.FlightsApplicationTests]
15:12:17.656 [Test worker] DEBUG org.springframework.test.context.BootstrapUtils - Instantiating CacheAwareContextLoaderDelegate from class [org.springframework.test.context.cache.DefaultCacheAwareContextLoaderDelegate]
15:12:17.663 [Test worker] DEBUG org.springframework.test.context.BootstrapUtils - Instantiating BootstrapContext using constructor [public org.springframework.test.context.support.DefaultBootstrapContext(java.lang.Class,org.springframework.test.context.CacheAwareContextLoaderDelegate)]
15:12:17.673 [Test worker] DEBUG org.springframework.test.context.BootstrapUtils - Instantiating TestContextBootstrapper for test class [io.specto.FlightsApplicationTests] from class [org.springframework.boot.test.context.SpringBootTestContextBootstrapper]
15:12:17.684 [Test worker] INFO org.springframework.boot.test.context.SpringBootTestContextBootstrapper - Neither @ContextConfiguration nor @ContextHierarchy found for test class [io.specto.FlightsApplicationTests], using SpringBootContextLoader
15:12:17.686 [Test worker] DEBUG org.springframework.test.context.support.AbstractContextLoader - Did not detect default resource location for test class [io.specto.FlightsApplicationTests]: class path resource [io/specto/FlightsApplicationTests-context.xml] does not exist
15:12:17.687 [Test worker] DEBUG org.springframework.test.context.support.AbstractContextLoader - Did not detect default resource location for test class [io.specto.FlightsApplicationTests]: class path resource [io/specto/FlightsApplicationTestsContext.groovy] does not exist
15:12:17.687 [Test worker] INFO org.springframework.test.context.support.AbstractContextLoader - Could not detect default resource locations for test class [io.specto.FlightsApplicationTests]: no resource found for suffixes {-context.xml, Context.groovy}.
15:12:17.688 [Test worker] INFO org.springframework.test.context.support.AnnotationConfigContextLoaderUtils - Could not detect default configuration classes for test class [io.specto.FlightsApplicationTests]: FlightsApplicationTests does not declare any static, non-private, non-final, nested classes annotated with @Configuration.
15:12:17.716 [Test worker] DEBUG org.springframework.test.context.support.ActiveProfilesUtils - Could not find an 'annotation declaring class' for annotation type [org.springframework.test.context.ActiveProfiles] and class [io.specto.FlightsApplicationTests]
15:12:17.723 [Test worker] DEBUG org.springframework.core.env.StandardEnvironment - Adding [systemProperties] PropertySource with lowest search precedence
15:12:17.723 [Test worker] DEBUG org.springframework.core.env.StandardEnvironment - Adding [systemEnvironment] PropertySource with lowest search precedence
15:12:17.723 [Test worker] DEBUG org.springframework.core.env.StandardEnvironment - Initialized StandardEnvironment with PropertySources [systemProperties,systemEnvironment]
15:12:17.730 [Test worker] DEBUG org.springframework.core.io.support.PathMatchingResourcePatternResolver - Resolved classpath location [io/specto/] to resources [URL [file:/Users/andrewmorgan1/IdeaProjects/api-simulation-training/flights-service/build/classes/test/io/specto/], URL [file:/Users/andrewmorgan1/IdeaProjects/api-simulation-training/flights-service/build/classes/main/io/specto/]]
15:12:17.730 [Test worker] DEBUG org.springframework.core.io.support.PathMatchingResourcePatternResolver - Looking for matching resources in directory tree [/Users/andrewmorgan1/IdeaProjects/api-simulation-training/flights-service/build/classes/test/io/specto]
15:12:17.730 [Test worker] DEBUG org.springframework.core.io.support.PathMatchingResourcePatternResolver - Searching directory [/Users/andrewmorgan1/IdeaProjects/api-simulation-training/flights-service/build/classes/test/io/specto] for files matching pattern [/Users/andrewmorgan1/IdeaProjects/api-simulation-training/flights-service/build/classes/test/io/specto/*.class]
15:12:17.732 [Test worker] DEBUG org.springframework.core.io.support.PathMatchingResourcePatternResolver - Looking for matching resources in directory tree [/Users/andrewmorgan1/IdeaProjects/api-simulation-training/flights-service/build/classes/main/io/specto]
15:12:17.732 [Test worker] DEBUG org.springframework.core.io.support.PathMatchingResourcePatternResolver - Searching directory [/Users/andrewmorgan1/IdeaProjects/api-simulation-training/flights-service/build/classes/main/io/specto] for files matching pattern [/Users/andrewmorgan1/IdeaProjects/api-simulation-training/flights-service/build/classes/main/io/specto/*.class]
15:12:17.733 [Test worker] DEBUG org.springframework.core.io.support.PathMatchingResourcePatternResolver - Resolved location pattern [classpath*:io/specto/*.class] to resources [file [/Users/andrewmorgan1/IdeaProjects/api-simulation-training/flights-service/build/classes/test/io/specto/FlightsApplicationTests.class], file [/Users/andrewmorgan1/IdeaProjects/api-simulation-training/flights-service/build/classes/main/io/specto/Flight.class], file [/Users/andrewmorgan1/IdeaProjects/api-simulation-training/flights-service/build/classes/main/io/specto/FlightGenerator.class], file [/Users/andrewmorgan1/IdeaProjects/api-simulation-training/flights-service/build/classes/main/io/specto/FlightsApplication.class], file [/Users/andrewmorgan1/IdeaProjects/api-simulation-training/flights-service/build/classes/main/io/specto/FlightsController.class], file [/Users/andrewmorgan1/IdeaProjects/api-simulation-training/flights-service/build/classes/main/io/specto/ManagementController.class], file [/Users/andrewmorgan1/IdeaProjects/api-simulation-training/flights-service/build/classes/main/io/specto/When.class]]
15:12:17.763 [Test worker] DEBUG org.springframework.context.annotation.ClassPathScanningCandidateComponentProvider - Identified candidate component class: file [/Users/andrewmorgan1/IdeaProjects/api-simulation-training/flights-service/build/classes/main/io/specto/FlightsApplication.class]
15:12:17.772 [Test worker] INFO org.springframework.boot.test.context.SpringBootTestContextBootstrapper - Found @SpringBootConfiguration io.specto.FlightsApplication for test class io.specto.FlightsApplicationTests
15:12:17.774 [Test worker] DEBUG org.springframework.boot.test.context.SpringBootTestContextBootstrapper - @TestExecutionListeners is not present for class [io.specto.FlightsApplicationTests]: using defaults.
15:12:17.777 [Test worker] INFO org.springframework.boot.test.context.SpringBootTestContextBootstrapper - Loaded default TestExecutionListener class names from location [META-INF/spring.factories]: [org.springframework.boot.test.mock.mockito.MockitoTestExecutionListener, org.springframework.boot.test.mock.mockito.ResetMocksTestExecutionListener, org.springframework.boot.test.autoconfigure.restdocs.RestDocsTestExecutionListener, org.springframework.boot.test.autoconfigure.web.client.MockRestServiceServerResetTestExecutionListener, org.springframework.boot.test.autoconfigure.web.servlet.MockMvcPrintOnlyOnFailureTestExecutionListener, org.springframework.boot.test.autoconfigure.web.servlet.WebDriverTestExecutionListener, org.springframework.test.context.web.ServletTestExecutionListener, org.springframework.test.context.support.DirtiesContextBeforeModesTestExecutionListener, org.springframework.test.context.support.DependencyInjectionTestExecutionListener, org.springframework.test.context.support.DirtiesContextTestExecutionListener, org.springframework.test.context.transaction.TransactionalTestExecutionListener, org.springframework.test.context.jdbc.SqlScriptsTestExecutionListener]
15:12:17.793 [Test worker] INFO org.springframework.boot.test.context.SpringBootTestContextBootstrapper - Could not instantiate TestExecutionListener [org.springframework.test.context.transaction.TransactionalTestExecutionListener]. Specify custom listener classes or make the default listener classes (and their required dependencies) available. Offending class: [org/springframework/transaction/interceptor/TransactionAttributeSource]
15:12:17.795 [Test worker] INFO org.springframework.boot.test.context.SpringBootTestContextBootstrapper - Could not instantiate TestExecutionListener [org.springframework.test.context.jdbc.SqlScriptsTestExecutionListener]. Specify custom listener classes or make the default listener classes (and their required dependencies) available. Offending class: [org/springframework/transaction/interceptor/TransactionAttribute]
15:12:17.796 [Test worker] INFO org.springframework.boot.test.context.SpringBootTestContextBootstrapper - Using TestExecutionListeners: [org.springframework.test.context.web.ServletTestExecutionListener@1434f1e3, org.springframework.test.context.support.DirtiesContextBeforeModesTestExecutionListener@786e60e6, org.springframework.boot.test.autoconfigure.SpringBootDependencyInjectionTestExecutionListener@1daf3da3, org.springframework.test.context.support.DirtiesContextTestExecutionListener@7d839ff8, org.springframework.boot.test.mock.mockito.ResetMocksTestExecutionListener@4e0bc242, org.springframework.boot.test.autoconfigure.web.servlet.MockMvcPrintOnlyOnFailureTestExecutionListener@4569f235, org.springframework.boot.test.autoconfigure.web.servlet.WebDriverTestExecutionListener@21cf9d1e, org.springframework.boot.test.mock.mockito.MockitoTestExecutionListener@40d2aa80, org.springframework.boot.test.autoconfigure.restdocs.RestDocsTestExecutionListener@50db790a, org.springframework.boot.test.autoconfigure.web.client.MockRestServiceServerResetTestExecutionListener@5a29c17e]
15:12:17.798 [Test worker] DEBUG org.springframework.test.annotation.ProfileValueUtils - Retrieved @ProfileValueSourceConfiguration [null] for test class [io.specto.FlightsApplicationTests]
15:12:17.799 [Test worker] DEBUG org.springframework.test.annotation.ProfileValueUtils - Retrieved ProfileValueSource type [class org.springframework.test.annotation.SystemProfileValueSource] for class [io.specto.FlightsApplicationTests]
15:12:17.800 [Test worker] DEBUG org.springframework.test.annotation.ProfileValueUtils - Retrieved @ProfileValueSourceConfiguration [null] for test class [io.specto.FlightsApplicationTests]
15:12:17.800 [Test worker] DEBUG org.springframework.test.annotation.ProfileValueUtils - Retrieved ProfileValueSource type [class org.springframework.test.annotation.SystemProfileValueSource] for class [io.specto.FlightsApplicationTests]
15:12:17.804 [Test worker] DEBUG org.springframework.test.context.support.AbstractDirtiesContextTestExecutionListener - Before test class: context [DefaultTestContext@47d71a5b testClass = FlightsApplicationTests, testInstance = [null], testMethod = [null], testException = [null], mergedContextConfiguration = [WebMergedContextConfiguration@228ba86f testClass = FlightsApplicationTests, locations = '{}', classes = '{class io.specto.FlightsApplication}', contextInitializerClasses = '[]', activeProfiles = '{}', propertySourceLocations = '{}', propertySourceProperties = '{org.springframework.boot.test.context.SpringBootTestContextBootstrapper=true}', contextCustomizers = set[org.springframework.boot.test.context.SpringBootTestContextCustomizer@225bec8, org.springframework.boot.test.context.filter.ExcludeFilterContextCustomizer@14f979ca, org.springframework.boot.test.mock.mockito.MockitoContextCustomizer@0, org.springframework.boot.test.autoconfigure.properties.PropertyMappingContextCustomizer@0, org.springframework.boot.test.autoconfigure.web.servlet.WebDriverContextCustomizerFactory$Customizer@13da78e2], resourceBasePath = 'src/main/webapp', contextLoader = 'org.springframework.boot.test.context.SpringBootContextLoader', parent = [null]]], class annotated with @DirtiesContext [false] with mode [null].
15:12:17.804 [Test worker] DEBUG org.springframework.test.annotation.ProfileValueUtils - Retrieved @ProfileValueSourceConfiguration [null] for test class [io.specto.FlightsApplicationTests]
15:12:17.804 [Test worker] DEBUG org.springframework.test.annotation.ProfileValueUtils - Retrieved ProfileValueSource type [class org.springframework.test.annotation.SystemProfileValueSource] for class [io.specto.FlightsApplicationTests]
15:12:17.844 [Test worker] DEBUG org.springframework.core.env.StandardEnvironment - Adding [systemProperties] PropertySource with lowest search precedence
15:12:17.845 [Test worker] DEBUG org.springframework.core.env.StandardEnvironment - Adding [systemEnvironment] PropertySource with lowest search precedence
15:12:17.845 [Test worker] DEBUG org.springframework.core.env.StandardEnvironment - Initialized StandardEnvironment with PropertySources [systemProperties,systemEnvironment]
15:12:17.846 [Test worker] DEBUG org.springframework.core.env.MutablePropertySources - Adding [inline] PropertySource with highest search precedence
15:12:17.850 [Test worker] DEBUG org.springframework.test.context.support.TestPropertySourceUtils - Adding inlined properties to environment: {spring.jmx.enabled=false, org.springframework.boot.test.context.SpringBootTestContextBootstrapper=true, server.port=-1}
15:12:17.850 [Test worker] DEBUG org.springframework.core.env.StandardEnvironment - Adding [Inlined Test Properties] PropertySource with highest search precedence

  .   ____          _            __ _ _
 /\\ / ___'_ __ _ _(_)_ __  __ _ \ \ \ \
( ( )\___ | '_ | '_| | '_ \/ _` | \ \ \ \
 \\/  ___)| |_)| | | | | || (_| |  ) ) ) )
  '  |____| .__|_| |_|_| |_\__, | / / / /
 =========|_|==============|___/=/_/_/_/
 :: Spring Boot ::        (v1.5.3.RELEASE)

2017-09-15 15:12:18.026  INFO 77528 --- [    Test worker] io.specto.FlightsApplicationTests        : Starting FlightsApplicationTests on Andrews-MacBook-Pro-2.local with PID 77528 (started by andrewmorgan1 in /Users/andrewmorgan1/IdeaProjects/api-simulation-training/flights-service)
2017-09-15 15:12:18.027  INFO 77528 --- [    Test worker] io.specto.FlightsApplicationTests        : No active profile set, falling back to default profiles: default
2017-09-15 15:12:18.059  INFO 77528 --- [    Test worker] o.s.w.c.s.GenericWebApplicationContext   : Refreshing org.springframework.web.context.support.GenericWebApplicationContext@477f5a8: startup date [Fri Sep 15 15:12:18 CEST 2017]; root of context hierarchy
2017-09-15 15:12:18.973  INFO 77528 --- [    Test worker] s.w.s.m.m.a.RequestMappingHandlerAdapter : Looking for @ControllerAdvice: org.springframework.web.context.support.GenericWebApplicationContext@477f5a8: startup date [Fri Sep 15 15:12:18 CEST 2017]; root of context hierarchy
2017-09-15 15:12:19.017  INFO 77528 --- [    Test worker] s.w.s.m.m.a.RequestMappingHandlerMapping : Mapped "{[/api/v1/flights],methods=[GET]}" onto public java.util.List<io.specto.Flight> io.specto.FlightsController.getFlights(int)
2017-09-15 15:12:19.019  INFO 77528 --- [    Test worker] s.w.s.m.m.a.RequestMappingHandlerMapping : Mapped "{[/management/health],methods=[GET]}" onto public void io.specto.ManagementController.health()
2017-09-15 15:12:19.019  INFO 77528 --- [    Test worker] s.w.s.m.m.a.RequestMappingHandlerMapping : Mapped "{[/management/kill],methods=[GET]}" onto public void io.specto.ManagementController.kill()
2017-09-15 15:12:19.021  INFO 77528 --- [    Test worker] s.w.s.m.m.a.RequestMappingHandlerMapping : Mapped "{[/error]}" onto public org.springframework.http.ResponseEntity<java.util.Map<java.lang.String, java.lang.Object>> org.springframework.boot.autoconfigure.web.BasicErrorController.error(javax.servlet.http.HttpServletRequest)
2017-09-15 15:12:19.022  INFO 77528 --- [    Test worker] s.w.s.m.m.a.RequestMappingHandlerMapping : Mapped "{[/error],produces=[text/html]}" onto public org.springframework.web.servlet.ModelAndView org.springframework.boot.autoconfigure.web.BasicErrorController.errorHtml(javax.servlet.http.HttpServletRequest,javax.servlet.http.HttpServletResponse)
2017-09-15 15:12:19.042  INFO 77528 --- [    Test worker] o.s.w.s.handler.SimpleUrlHandlerMapping  : Mapped URL path [/webjars/**] onto handler of type [class org.springframework.web.servlet.resource.ResourceHttpRequestHandler]
2017-09-15 15:12:19.043  INFO 77528 --- [    Test worker] o.s.w.s.handler.SimpleUrlHandlerMapping  : Mapped URL path [/**] onto handler of type [class org.springframework.web.servlet.resource.ResourceHttpRequestHandler]
2017-09-15 15:12:19.069  INFO 77528 --- [    Test worker] o.s.w.s.handler.SimpleUrlHandlerMapping  : Mapped URL path [/**/favicon.ico] onto handler of type [class org.springframework.web.servlet.resource.ResourceHttpRequestHandler]
2017-09-15 15:12:19.194  INFO 77528 --- [    Test worker] io.specto.FlightsApplicationTests        : Started FlightsApplicationTests in 1.336 seconds (JVM running for 1.951)
]]></system-out>
  <system-err><![CDATA[]]></system-err>
</testsuite>
